<?xml version="1.0" encoding="UTF-8"?>
<!-- Generated by org.testng.reporters.JUnitReportReporter -->
<testsuite hostname="DESKTOP-ICLD36V" failures="0" tests="1" name="test_suite.mousehover" time="10.238" errors="0" timestamp="2024-07-04T10:46:07 IST" skipped="0">
  <testcase classname="test_suite.mousehover" name="hover" time="10.238"/>
  <system-out/>
</testsuite> <!-- test_suite.mousehover -->
