<?xml version="1.0" encoding="UTF-8"?>
<!-- Generated by org.testng.reporters.JUnitReportReporter -->
<testsuite hostname="DESKTOP-ICLD36V" failures="0" tests="1" name="test_suite.signup" time="1.511" errors="0" timestamp="2024-07-04T10:25:55 IST" skipped="0">
  <testcase classname="test_suite.signup" name="register" time="1.511"/>
  <system-out/>
</testsuite> <!-- test_suite.signup -->
