<?xml version="1.0" encoding="UTF-8"?>
<!-- Generated by org.testng.reporters.JUnitReportReporter -->
<testsuite hostname="DESKTOP-ICLD36V" failures="0" tests="2" name="test_suite.datepicker" time="17.008" errors="0" timestamp="2024-07-04T10:10:06 IST" skipped="0">
  <testcase classname="test_suite.datepicker" name="pick2" time="8.443"/>
  <system-out/>
  <testcase classname="test_suite.datepicker" name="pick1" time="8.565"/>
  <system-out/>
</testsuite> <!-- test_suite.datepicker -->
